make all --print-data-base --no-builtin-variables --no-builtin-rules --question
# GNU Make 4.3
# Built for x86_64-redhat-linux-gnu
# Copyright (C) 1988-2020 Free Software Foundation, Inc.
# License GPLv3+: GNU GPL version 3 or later <http://gnu.org/licenses/gpl.html>
# This is free software: you are free to change and redistribute it.
# There is NO WARRANTY, to the extent permitted by law.

# Make data base, printed on Wed Jun 29 18:20:14 2022

# Variables

# makefile (from 'Makefile', line 77)
git_description = $(shell git describe --always --dirty --tags --long)
# environment
GDK_BACKEND = x11
# environment
LC_ALL = C
# environment
NO_AT_BRIDGE = 1
# environment
STARSHIP_SESSION_KEY = 2656927477319161
# environment
GJS_DEBUG_OUTPUT = stderr
# environment
VSCODE_IPC_HOOK_EXTHOST = /run/user/1000/vscode-ipc-05711896-7818-429b-873d-995c8482ef18.sock
# environment
VSCODE_CWD = /home/rui
# environment
NVM_DIR = /home/rui/.nvm
# environment
GDM_LANG = en_GB.UTF-8
# default
MAKE_COMMAND := make
# environment
GOPATH = /home/rui/Workspace/go
# environment
define BASH_FUNC_which%%
() {  ( alias;
 eval ${which_declare} ) | /usr/bin/which --tty-only --read-alias --read-functions --show-tilde --show-dot $@
}
endef
# automatic
@D = $(patsubst %/,%,$(dir $@))
# environment
VSCODE_HANDLES_UNCAUGHT_ERRORS = true
# default
.VARIABLES := 
# environment
PWD = /home/rui/Workspace/go/src/github.com/th3g00dc0d3r/greenlight
# automatic
%D = $(patsubst %/,%,$(dir $%))
# environment
HOSTNAME = localhost-f36-home
# environment
MAIL = /var/spool/mail/rui
# environment
XDG_DATA_DIRS = /home/rui/.local/share/flatpak/exports/share:/var/lib/flatpak/exports/share:/usr/local/share/:/usr/share/:/var/lib/snapd/desktop
# automatic
^D = $(patsubst %/,%,$(dir $^))
# environment
VSCODE_LOG_STACK = false
# automatic
%F = $(notdir $%)
# environment
NVM_INC = /home/rui/.nvm/versions/node/v16.14.0/include/node
# environment
VSCODE_CODE_CACHE_PATH = /home/rui/.config/Code/CachedData/30d9c6cd9483b2cc586687151bcbcd635f373630
# environment
LANG = C
# environment
XAUTHORITY = /run/user/1000/.mutter-Xwaylandauth.UKKHO1
# default
.LOADED := 
# default
.INCLUDE_DIRS = /usr/include /usr/local/include /usr/include
# makefile
MAKEFLAGS = pqrR
# makefile
CURDIR := /home/rui/Workspace/go/src/github.com/th3g00dc0d3r/greenlight
# environment
VSCODE_PIPE_LOGGING = true
# environment
APPLICATION_INSIGHTS_NO_DIAGNOSTIC_CHANNEL = 1
# environment
LESSOPEN = ||/usr/bin/lesspipe.sh %s
# automatic
*D = $(patsubst %/,%,$(dir $*))
# makefile (from '.envrc', line 1)
GREENLIGHT_DB_DSN = 'postgres://greenlight:pa55word@localhost/greenlight?sslmode=disable'
# environment
MFLAGS = -pqrR
# environment
SSH_AUTH_SOCK = /run/user/1000/keyring/ssh
# default
.SHELLFLAGS := -c
# environment
NVM_BIN = /home/rui/.nvm/versions/node/v16.14.0/bin
# environment
WAYLAND_DISPLAY = wayland-0
# environment
HISTSIZE = 1000
# automatic
+D = $(patsubst %/,%,$(dir $+))
# environment
ASPNETCORE_Kestrel__Certificates__Default__Path = /home/rui/.certs/localhost.pfx
# environment
XDG_SESSION_DESKTOP = gnome
# makefile (from '.envrc', line 1)
MAKEFILE_LIST := Makefile .envrc
# automatic
@F = $(notdir $@)
# environment
VSCODE_VERBOSE_LOGGING = true
# environment
VSCODE_PID = 42775
# environment
XDG_SESSION_TYPE = wayland
# automatic
?D = $(patsubst %/,%,$(dir $?))
# makefile (from 'Makefile', line 78)
linker_flags = '-s -X main.buildTime=${current_time} -X main.version=${git_description}'
# environment
SESSION_MANAGER = local/unix:@/tmp/.ICE-unix/2744,unix/unix:/tmp/.ICE-unix/2744
# automatic
*F = $(notdir $*)
# environment
CHROME_DESKTOP = code-url-handler.desktop
# environment
DBUS_SESSION_BUS_ADDRESS = unix:path=/run/user/1000/bus
# automatic
<D = $(patsubst %/,%,$(dir $<))
# environment
VSCODE_NLS_CONFIG = {"locale":"en-gb","availableLanguages":{},"_languagePackSupport":true}
# makefile (from 'Makefile', line 91)
production_host_ip = '138.68.152.180'
# default
MAKE_HOST := x86_64-redhat-linux-gnu
# makefile
SHELL = /bin/sh
# default
MAKECMDGOALS := all
# environment
XMODIFIERS = @im=ibus
# environment
DOTNET_BUNDLE_EXTRACT_BASE_DIR = /home/rui/.cache/dotnet_bundle_extract
# environment
DENO_INSTALL = /home/rui/.deno
# environment
GJS_DEBUG_TOPICS = JS ERROR;JS LOG
# environment
SHLVL = 0
# environment
MAKELEVEL := 0
# default
MAKE = $(MAKE_COMMAND)
# environment
PATH = /home/rui/.deno/bin:/home/rui/.deno/bin:/home/rui/.cargo/bin:/home/rui/.nvm/versions/node/v16.14.0/bin:/home/rui/.local/bin:/home/rui/bin:/usr/local/bin:/usr/local/sbin:/usr/bin:/usr/sbin:/var/lib/snapd/snap/bin:/home/rui/.dotnet/tools:/bin:/bin:/home/rui/.fzf/bin:/usr/local/go/bin:/usr/local/dotnet:/bin:/home/rui/Workspace/go/bin:/usr/local/go/bin:/usr/local/dotnet
# environment
MOZ_GMP_PATH = /usr/lib64/mozilla/plugins/gmp-gmpopenh264/system-installed
# default
MAKEFILES := 
# automatic
^F = $(notdir $^)
# environment
INVOCATION_ID = cea988b5ced043e4a165f2ff6b645811
# environment
VSCODE_LOG_NATIVE = false
# environment
USERNAME = rui
# environment
GNOME_SETUP_DISPLAY = :1
# automatic
?F = $(notdir $?)
# environment
XDG_CURRENT_DESKTOP = GNOME
# automatic
+F = $(notdir $+)
# environment
DESKTOP_SESSION = gnome
# environment
ORIGINAL_XDG_CURRENT_DESKTOP = GNOME
# 'override' directive
GNUMAKEFLAGS := 
# environment
LOGNAME = rui
# environment
GIO_LAUNCHED_DESKTOP_FILE = /usr/share/applications/code.desktop
# makefile
.DEFAULT_GOAL := help
# environment
SYSTEMD_EXEC_PID = 2796
# environment
HISTCONTROL = ignoredups
# environment
EDITOR = /usr/bin/nano
# environment
DISPLAY = :0
# environment
USER = rui
# default
MAKE_VERSION := 4.3
# environment
ASPNETCORE_Kestrel__Certificates__Default__Password = lagarto75
# environment
MANAGERPID = 2401
# environment
which_declare = declare -f
# environment
DEBUGINFOD_URLS = https://debuginfod.fedoraproject.org/ 
# environment
STARSHIP_SHELL = bash
# environment
GIO_LAUNCHED_DESKTOP_FILE_PID = 42775
# environment
_ = /usr/bin/make
# environment
XDG_RUNTIME_DIR = /run/user/1000
# environment
NVM_CD_FLAGS = 
# environment
GOMODCACHE = /home/rui/Workspace/go/pkg/mod
# environment
JOURNAL_STREAM = 8:38247
# environment
XDG_SESSION_CLASS = user
# environment
VSCODE_AMD_ENTRYPOINT = vs/workbench/api/node/extensionHostProcess
# environment
HOME = /home/rui
# environment
QT_IM_MODULE = ibus
# makefile (from 'Makefile', line 76)
current_time = $(shell date --iso-8601=seconds)
# environment
ELECTRON_RUN_AS_NODE = 1
# environment
VSCODE_IPC_HOOK = /run/user/1000/vscode-3bfb38aa-1.68.1-main.sock
# environment
GOPROXY = https://proxy.golang.org,direct
# default
.RECIPEPREFIX := 
# automatic
<F = $(notdir $<)
# default
SUFFIXES := 
# default
.FEATURES := target-specific order-only second-expansion else-if shortest-stem undefine oneshell nocomment grouped-target extra-prereqs archives jobserver output-sync check-symlink guile load
# environment
XDG_MENU_PREFIX = gnome-
# environment
DOTNET_ROOT = /usr/local/dotnet
# environment
GDMSESSION = gnome
# variable set hash-table stats:
# Load=119/1024=12%, Rehash=0, Collisions=5/151=3%

# Pattern-specific Variable Values

# No pattern-specific variable values.

# Directories

# . (device 41, inode 927912): 17 files, no impossibilities.

# 17 files, no impossibilities in 1 directories.

# Implicit Rules

# No implicit rules.

# Files

confirm:
#  Phony target (prerequisite of .PHONY).
#  Implicit rule search has not been done.
#  File does not exist.
#  File has not been updated.
#  recipe to execute (from 'Makefile', line 16):
	@echo -n 'Are you sure? [y/N] ' && read ans && [ $${ans:-N} = y ]

run/api:
 
make: *** No rule to make target 'all'.  Stop.

#  Phony target (prerequisite of .PHONY).
#  Implicit rule search has not been done.
#  File does not exist.
#  File has not been updated.
#  recipe to execute (from 'Makefile', line 25):
	@go run ./cmd/api -db-dsn=${GREENLIGHT_DB_DSN}

db/migrations/up: confirm
#  Phony target (prerequisite of .PHONY).
#  Implicit rule search has not been done.
#  File does not exist.
#  File has not been updated.
#  recipe to execute (from 'Makefile', line 42):
	@echo 'Running up migrations...'
	@migrate -path ./migrations -database ${GREENLIGHT_DB_DSN} up

# Not a target:
Makefile:
#  Implicit rule search has been done.
#  Last modified 2022-06-23 11:24:55.712997441
#  File has been updated.
#  Successfully updated.

build/api:
#  Phony target (prerequisite of .PHONY).
#  Implicit rule search has not been done.
#  File does not exist.
#  File has not been updated.
#  recipe to execute (from 'Makefile', line 83):
	@echo 'Building cmd/api...'
	@go build -ldflags=${linker_flags} -o=./bin/api ./cmd/api
	@GOOS=linux GOARCH=amd64 go build -ldflags=${linker_flags} -o=./bin/linux_amd64/api ./cmd/api

production/deploy/api:
#  Phony target (prerequisite of .PHONY).
#  Implicit rule search has not been done.
#  File does not exist.
#  File has not been updated.
#  recipe to execute (from 'Makefile', line 101):
	@rsync -rP --delete ./bin/linux_amd64/api ./migrations greenlight@${production_host_ip}:~
	@ssh -t greenlight@${production_host_ip} 'migrate -path ~/migrations -database $$GREENLIGHT_DB_DSN up'

vendor:
#  Phony target (prerequisite of .PHONY).
#  Implicit rule search has not been done.
#  File does not exist.
#  File has not been updated.
#  recipe to execute (from 'Makefile', line 65):
	@echo 'Tidying and verifying module dependencies...'
	@go mod tidy
	@go mod verify
	@echo 'Vendoring dependencies...'
	@go mod vendor

# Not a target:
.envrc:
#  Implicit rule search has been done.
#  Last modified 2022-06-09 18:02:46.026725403
#  File has been updated.
#  Successfully updated.

production/configure/api.service:
#  Phony target (prerequisite of .PHONY).
#  Implicit rule search has not been done.
#  File does not exist.
#  File has not been updated.
#  recipe to execute (from 'Makefile', line 107):
	@rsync -P ./remote/production/api.service greenlight@${production_host_ip}:~
	@ssh -t greenlight@${production_host_ip} '\
	sudo mv ~/api.service /etc/systemd/system/ \
	&& sudo systemctl enable api \
	&& sudo systemctl restart api \
	'

db/psql:
#  Phony target (prerequisite of .PHONY).
#  Implicit rule search has not been done.
#  File does not exist.
#  File has not been updated.
#  recipe to execute (from 'Makefile', line 30):
	# @docker exec -it 6cb1b44417a44ffd08413cb84cb400cc416d0018997e6c0e326727094d9fcf43 bash
	# @psql ${GREENLIGHT_DB_DSN}

# Not a target:
.DEFAULT:
#  Implicit rule search has not been done.
#  Modification time never checked.
#  File has not been updated.

# Not a target:
all:
#  Command line target.
#  Implicit rule search has been done.
#  File does not exist.
#  File has not been updated.

help:
#  Phony target (prerequisite of .PHONY).
#  Implicit rule search has not been done.
#  File does not exist.
#  File has not been updated.
#  recipe to execute (from 'Makefile', line 11):
	@echo 'Usage:'
	@sed -n 's/^##//p' ${MAKEFILE_LIST} | column -t -s ':' | sed -e 's/^/ /'

db/migrations/new:
#  Phony target (prerequisite of .PHONY).
#  Implicit rule search has not been done.
#  File does not exist.
#  File has not been updated.
#  recipe to execute (from 'Makefile', line 36):
	@echo 'Creating migration files for ${name}...'
	@migrate create -seq -ext=.sql -dir=./migrations ${name}

audit: vendor
#  Phony target (prerequisite of .PHONY).
#  Implicit rule search has not been done.
#  File does not exist.
#  File has not been updated.
#  recipe to execute (from 'Makefile', line 52):
	@echo 'Formating code...'
	@go fmt ./...
	@echo 'Vetting code...'
	@go vet ./...
	@staticcheck ./...
	@echo 'Running tests...'
	go test -race -vet=off ./...

production/connect:
#  Phony target (prerequisite of .PHONY).
#  Implicit rule search has not been done.
#  File does not exist.
#  File has not been updated.
#  recipe to execute (from 'Makefile', line 96):
	@ssh greenlight@${production_host_ip}

production/configure/caddyfile:
#  Phony target (prerequisite of .PHONY).
#  Implicit rule search has not been done.
#  File does not exist.
#  File has not been updated.
#  recipe to execute (from 'Makefile', line 117):
	rsync -P ./remote/production/Caddyfile greenlight@${production_host_ip}:~
	ssh -t greenlight@${production_host_ip} '\
	sudo mv ~/Caddyfile /etc/caddy/ \
	&& sudo systemctl reload caddy \
	'

.PHONY: help confirm run/api db/psql db/migrations/new db/migrations/up audit vendor build/api production/connect production/deploy/api production/configure/api.service production/configure/caddyfile
#  Implicit rule search has not been done.
#  Modification time never checked.
#  File has not been updated.

# files hash-table stats:
# Load=19/1024=2%, Rehash=0, Collisions=0/70=0%
# VPATH Search Paths

# No 'vpath' search paths.

# No general ('VPATH' variable) search path.

# strcache buffers: 1 (0) / strings = 35 / storage = 375 B / avg = 10 B
# current buf: size = 8162 B / used = 375 B / count = 35 / avg = 10 B

# strcache performance: lookups = 95 / hit rate = 63%
# hash-table stats:
# Load=35/8192=0%, Rehash=0, Collisions=0/95=0%
# Finished Make data base on Wed Jun 29 18:20:14 2022

 
